2023-07-03 11:31:52.772 CEST [15970] LOG:  starting PostgreSQL 14.3 on x86_64-redhat-linux-gnu, compiled by gcc (GCC) 12.1.1 20220628 (Red Hat 12.1.1-3), 64-bit
2023-07-03 11:31:52.774 CEST [15970] LOG:  could not bind IPv6 address "::1": Address already in use
2023-07-03 11:31:52.774 CEST [15970] HINT:  Is another postmaster already running on port 5432? If not, wait a few seconds and retry.
2023-07-03 11:31:52.774 CEST [15970] LOG:  could not bind IPv4 address "127.0.0.1": Address already in use
2023-07-03 11:31:52.774 CEST [15970] HINT:  Is another postmaster already running on port 5432? If not, wait a few seconds and retry.
2023-07-03 11:31:52.774 CEST [15970] WARNING:  could not create listen socket for "localhost"
2023-07-03 11:31:52.774 CEST [15970] FATAL:  could not create any TCP/IP sockets
2023-07-03 11:31:52.776 CEST [15970] LOG:  database system is shut down
2023-07-03 11:32:50.386 CEST [16101] LOG:  starting PostgreSQL 14.3 on x86_64-redhat-linux-gnu, compiled by gcc (GCC) 12.1.1 20220628 (Red Hat 12.1.1-3), 64-bit
2023-07-03 11:32:50.386 CEST [16101] LOG:  listening on IPv6 address "::1", port 5432
2023-07-03 11:32:50.386 CEST [16101] LOG:  listening on IPv4 address "127.0.0.1", port 5432
2023-07-03 11:32:50.390 CEST [16101] LOG:  listening on Unix socket "/var/run/postgresql/.s.PGSQL.5432"
2023-07-03 11:32:50.394 CEST [16101] LOG:  listening on Unix socket "/tmp/.s.PGSQL.5432"
2023-07-03 11:32:50.402 CEST [16103] LOG:  database system was shut down at 2023-07-03 11:31:34 CEST
2023-07-03 11:32:50.411 CEST [16101] LOG:  database system is ready to accept connections
2023-07-03 11:32:57.907 CEST [16127] FATAL:  database "pm" does not exist
2023-07-03 11:33:01.878 CEST [16136] FATAL:  database "bikes" does not exist
2023-07-03 11:33:12.917 CEST [16159] FATAL:  database "/home/pm/bikes" does not exist
2023-07-03 11:52:32.482 CEST [19485] FATAL:  database "pm" does not exist
2023-07-03 11:55:56.825 CEST [19804] FATAL:  database "pm" does not exist
2023-07-03 11:56:10.440 CEST [19832] FATAL:  database "pm" does not exist
2023-07-03 11:56:23.588 CEST [19877] FATAL:  database "pm" does not exist
2023-07-03 11:59:17.833 CEST [20045] FATAL:  database "pm" does not exist
2023-07-03 11:59:39.783 CEST [20057] FATAL:  database "pm" does not exist
2023-07-03 12:02:59.852 CEST [22288] ERROR:  syntax error at or near "directories" at character 11
2023-07-03 12:02:59.852 CEST [22288] STATEMENT:  show data directories
2023-07-03 12:04:12.725 CEST [22548] ERROR:  unrecognized configuration parameter "directory"
2023-07-03 12:04:12.725 CEST [22548] STATEMENT:  show directory;
2023-07-03 12:04:16.602 CEST [22548] ERROR:  unrecognized configuration parameter "config_directory"
2023-07-03 12:04:16.602 CEST [22548] STATEMENT:  show config_directory;
2023-07-03 12:05:23.254 CEST [22548] ERROR:  syntax error at or near "/" at character 20
2023-07-03 12:05:23.254 CEST [22548] STATEMENT:  SET data_directory /home
	;
2023-07-03 12:05:29.571 CEST [22548] ERROR:  syntax error at or near ""/home"" at character 20
2023-07-03 12:05:29.571 CEST [22548] STATEMENT:  SET data_directory "/home"
	;
2023-07-03 12:05:37.571 CEST [22548] ERROR:  syntax error at or near ""/home"" at character 22
2023-07-03 12:05:37.571 CEST [22548] STATEMENT:  SET "data_directory" "/home"
	;
2023-07-03 12:05:45.771 CEST [22548] ERROR:  syntax error at or near "/" at character 22
2023-07-03 12:05:45.771 CEST [22548] STATEMENT:  SET "data_directory" /home;
2023-07-03 12:22:24.403 CEST [23890] LOG:  starting PostgreSQL 14.3 on x86_64-redhat-linux-gnu, compiled by gcc (GCC) 12.1.1 20220628 (Red Hat 12.1.1-3), 64-bit
2023-07-03 12:22:24.404 CEST [23890] LOG:  listening on IPv6 address "::1", port 5432
2023-07-03 12:22:24.404 CEST [23890] LOG:  listening on IPv4 address "127.0.0.1", port 5432
2023-07-03 12:22:24.408 CEST [23890] LOG:  listening on Unix socket "/var/run/postgresql/.s.PGSQL.5432"
2023-07-03 12:22:24.411 CEST [23890] LOG:  listening on Unix socket "/tmp/.s.PGSQL.5432"
2023-07-03 12:22:24.421 CEST [23892] LOG:  database system was interrupted; last known up at 2023-07-03 12:01:30 CEST
2023-07-03 12:22:24.586 CEST [23892] LOG:  database system was not properly shut down; automatic recovery in progress
2023-07-03 12:22:24.590 CEST [23892] LOG:  redo starts at 0/1777158
2023-07-03 12:22:24.590 CEST [23892] LOG:  invalid record length at 0/1777240: wanted 24, got 0
2023-07-03 12:22:24.590 CEST [23892] LOG:  redo done at 0/1777208 system usage: CPU: user: 0.00 s, system: 0.00 s, elapsed: 0.00 s
2023-07-03 12:22:24.636 CEST [23890] LOG:  database system is ready to accept connections
2023-07-03 12:39:31.556 CEST [23890] LOG:  received smart shutdown request
2023-07-03 12:39:31.573 CEST [23890] LOG:  background worker "logical replication launcher" (PID 23898) exited with exit code 1
2023-07-03 12:39:31.573 CEST [23893] LOG:  shutting down
2023-07-03 12:39:31.632 CEST [23890] LOG:  database system is shut down
2023-07-03 14:05:22.367 CEST [8275] LOG:  starting PostgreSQL 14.3 on x86_64-redhat-linux-gnu, compiled by gcc (GCC) 12.1.1 20220628 (Red Hat 12.1.1-3), 64-bit
2023-07-03 14:05:22.369 CEST [8275] LOG:  listening on IPv6 address "::1", port 5432
2023-07-03 14:05:22.369 CEST [8275] LOG:  listening on IPv4 address "127.0.0.1", port 5432
2023-07-03 14:05:22.375 CEST [8275] FATAL:  could not create lock file "/var/run/postgresql/.s.PGSQL.5432.lock": Permission denied
2023-07-03 14:05:22.377 CEST [8275] LOG:  database system is shut down
2023-07-03 14:05:57.804 CEST [8362] LOG:  starting PostgreSQL 14.3 on x86_64-redhat-linux-gnu, compiled by gcc (GCC) 12.1.1 20220628 (Red Hat 12.1.1-3), 64-bit
2023-07-03 14:05:57.805 CEST [8362] LOG:  listening on IPv6 address "::1", port 5432
2023-07-03 14:05:57.806 CEST [8362] LOG:  listening on IPv4 address "127.0.0.1", port 5432
2023-07-03 14:05:57.811 CEST [8362] FATAL:  could not create lock file "/var/run/postgresql/.s.PGSQL.5432.lock": Permission denied
2023-07-03 14:05:57.815 CEST [8362] LOG:  database system is shut down
2023-07-03 14:05:59.115 CEST [8404] LOG:  starting PostgreSQL 14.3 on x86_64-redhat-linux-gnu, compiled by gcc (GCC) 12.1.1 20220628 (Red Hat 12.1.1-3), 64-bit
2023-07-03 14:05:59.116 CEST [8404] LOG:  listening on IPv6 address "::1", port 5432
2023-07-03 14:05:59.116 CEST [8404] LOG:  listening on IPv4 address "127.0.0.1", port 5432
2023-07-03 14:05:59.122 CEST [8404] FATAL:  could not create lock file "/var/run/postgresql/.s.PGSQL.5432.lock": Permission denied
2023-07-03 14:05:59.125 CEST [8404] LOG:  database system is shut down
2023-07-03 14:06:39.057 CEST [8633] LOG:  starting PostgreSQL 14.3 on x86_64-redhat-linux-gnu, compiled by gcc (GCC) 12.1.1 20220628 (Red Hat 12.1.1-3), 64-bit
2023-07-03 14:06:39.058 CEST [8633] LOG:  listening on IPv6 address "::1", port 5432
2023-07-03 14:06:39.058 CEST [8633] LOG:  listening on IPv4 address "127.0.0.1", port 5432
2023-07-03 14:06:39.064 CEST [8633] FATAL:  could not create lock file "/var/run/postgresql/.s.PGSQL.5432.lock": Permission denied
2023-07-03 14:06:39.068 CEST [8633] LOG:  database system is shut down
2023-07-03 14:07:28.102 CEST [8886] LOG:  starting PostgreSQL 14.3 on x86_64-redhat-linux-gnu, compiled by gcc (GCC) 12.1.1 20220628 (Red Hat 12.1.1-3), 64-bit
2023-07-03 14:07:28.102 CEST [8886] LOG:  listening on IPv6 address "::1", port 5432
2023-07-03 14:07:28.102 CEST [8886] LOG:  listening on IPv4 address "127.0.0.1", port 5432
2023-07-03 14:07:28.107 CEST [8886] LOG:  listening on Unix socket "/var/run/postgresql/.s.PGSQL.5432"
2023-07-03 14:07:28.112 CEST [8886] LOG:  listening on Unix socket "/tmp/.s.PGSQL.5432"
2023-07-03 14:07:28.120 CEST [8888] LOG:  database system was shut down at 2023-07-03 12:39:31 CEST
2023-07-03 14:07:28.132 CEST [8886] LOG:  database system is ready to accept connections
2023-07-03 14:07:38.187 CEST [9016] FATAL:  role "postgres" does not exist
2023-07-03 14:08:10.618 CEST [9142] FATAL:  role "postgres" is not permitted to log in
2023-07-03 15:42:58.812 CEST [15330] FATAL:  database "pm" does not exist
2023-07-03 15:54:43.128 CEST [16283] ERROR:  type "string" does not exist at character 314
2023-07-03 15:54:43.128 CEST [16283] STATEMENT:  CREATE TABLE Fahrraddiebstahl
	    (ANGELEGT_AM date,    TATZEIT_ANFANG_DATUM date,    TATZEIT_ANFANG_STUNDE int check (TATZEIT_ANFANG_STUNDE between 0 and 23), 
	    TATZEIT_ENDE_DATUM date,
	    TATZEIT_ENDE_STUNDE int check (TATZEIT_ENDE_STUNDE between 0 and 23), 
	    LOR int,
	    SCHADENSHOEHE int,
	    VERSUCH string,
	    ART_DES_FAHRRADS string,
	    DELIKT string,
	    ERFASSUNGSGRUND string
	);
2023-07-03 15:54:54.626 CEST [16352] ERROR:  type "str" does not exist at character 314
2023-07-03 15:54:54.626 CEST [16352] STATEMENT:  CREATE TABLE Fahrraddiebstahl
	    (ANGELEGT_AM date,    TATZEIT_ANFANG_DATUM date,    TATZEIT_ANFANG_STUNDE int check (TATZEIT_ANFANG_STUNDE between 0 and 23), 
	    TATZEIT_ENDE_DATUM date,
	    TATZEIT_ENDE_STUNDE int check (TATZEIT_ENDE_STUNDE between 0 and 23), 
	    LOR int,
	    SCHADENSHOEHE int,
	    VERSUCH str,
	    ART_DES_FAHRRADS string,
	    DELIKT string,
	    ERFASSUNGSGRUND string
	);
2023-07-03 15:55:08.484 CEST [16433] ERROR:  type "string" does not exist at character 344
2023-07-03 15:55:08.484 CEST [16433] STATEMENT:  CREATE TABLE Fahrraddiebstahl
	    (ANGELEGT_AM date,    TATZEIT_ANFANG_DATUM date,    TATZEIT_ANFANG_STUNDE int check (TATZEIT_ANFANG_STUNDE between 0 and 23), 
	    TATZEIT_ENDE_DATUM date,
	    TATZEIT_ENDE_STUNDE int check (TATZEIT_ENDE_STUNDE between 0 and 23), 
	    LOR int,
	    SCHADENSHOEHE int,
	    VERSUCH char(5),
	    ART_DES_FAHRRADS string,
	    DELIKT string,
	    ERFASSUNGSGRUND string
	);
2023-07-03 15:55:30.333 CEST [16521] ERROR:  type "char32" does not exist at character 365
2023-07-03 15:55:30.333 CEST [16521] STATEMENT:  CREATE TABLE Fahrraddiebstahl
	    (ANGELEGT_AM date,    TATZEIT_ANFANG_DATUM date,    TATZEIT_ANFANG_STUNDE int check (TATZEIT_ANFANG_STUNDE between 0 and 23), 
	    TATZEIT_ENDE_DATUM date,
	    TATZEIT_ENDE_STUNDE int check (TATZEIT_ENDE_STUNDE between 0 and 23), 
	    LOR int,
	    SCHADENSHOEHE int,
	    VERSUCH char(5),
	    ART_DES_FAHRRADS char(32),
	    DELIKT char32,
	    ERFASSUNGSGRUND char(32)
	);
2023-07-03 17:30:59.268 CEST [20086] ERROR:  role "smoere" does not exist
2023-07-03 17:30:59.268 CEST [20086] STATEMENT:  CREATE USER MAPPING FOR smoere SERVER bikes
	;
